<?xml version="1.0" encoding="UTF-8"?>
<!-- Generated by org.testng.reporters.JUnitReportReporter -->
<testsuite hostname="classroom-PC" name="myPack.Limbya" tests="4" failures="0" timestamp="29 Mar 2019 08:33:23 GMT" time="0.028" errors="0">
  <testcase name="addEmp" time="0.025" classname="myPack.Limbya"/>
  <testcase name="verifyLogin" time="0.001" classname="myPack.Limbya"/>
  <testcase name="deleteEmp" time="0.001" classname="myPack.Limbya"/>
  <testcase name="editEmp" time="0.001" classname="myPack.Limbya"/>
</testsuite> <!-- myPack.Limbya -->
